<?xml version="1.0" encoding="UTF-8"?>
<testng-results ignored="0" total="1" passed="1" failed="0" skipped="0">
  <reporter-output>
  </reporter-output>
  <suite started-at="2022-10-01T12:24:25 IST" name="Default suite" finished-at="2022-10-01T12:25:01 IST" duration-ms="35435">
    <groups>
    </groups>
    <test started-at="2022-10-01T12:24:25 IST" name="Default test" finished-at="2022-10-01T12:25:01 IST" duration-ms="35435">
      <class name="ecommerceSite.AddToCart">
        <test-method signature="addToCart()[pri:0, instance:ecommerceSite.AddToCart@7e7be63f]" started-at="2022-10-01T12:24:25 IST" name="addToCart" finished-at="2022-10-01T12:25:01 IST" duration-ms="35400" status="PASS">
          <reporter-output>
          </reporter-output>
        </test-method> <!-- addToCart -->
      </class> <!-- ecommerceSite.AddToCart -->
    </test> <!-- Default test -->
  </suite> <!-- Default suite -->
</testng-results>
