<?xml version="1.0" encoding="UTF-8"?>
<testng-results ignored="0" total="1" passed="1" failed="0" skipped="0">
  <reporter-output>
  </reporter-output>
  <suite started-at="2022-10-11T10:44:08 IST" name="Default suite" finished-at="2022-10-11T10:45:40 IST" duration-ms="91552">
    <groups>
    </groups>
    <test started-at="2022-10-11T10:44:08 IST" name="Default test" finished-at="2022-10-11T10:45:40 IST" duration-ms="91552">
      <class name="com.flipkart.imageDownloadedBeforeScroll">
        <test-method signature="imageDownloadedBeforeScroll()[pri:0, instance:com.flipkart.imageDownloadedBeforeScroll@6cd28fa7]" started-at="2022-10-11T10:44:08 IST" name="imageDownloadedBeforeScroll" finished-at="2022-10-11T10:45:40 IST" duration-ms="91511" status="PASS">
          <reporter-output>
          </reporter-output>
        </test-method> <!-- imageDownloadedBeforeScroll -->
      </class> <!-- com.flipkart.imageDownloadedBeforeScroll -->
    </test> <!-- Default test -->
  </suite> <!-- Default suite -->
</testng-results>
