<?xml version="1.0" encoding="UTF-8"?>
<testng-results ignored="6" total="9" passed="3" failed="0" skipped="0">
  <reporter-output>
  </reporter-output>
  <suite started-at="2022-09-27T12:53:55 IST" name="Suite" finished-at="2022-09-27T12:53:55 IST" duration-ms="52">
    <groups>
      <group name="Smoke">
        <method signature="CarLoanApplicationTests.carloanLoginMobile()[pri:0, instance:LoanApplications.CarLoanApplicationTests@272ed83b]" name="carloanLoginMobile" class="LoanApplications.CarLoanApplicationTests"/>
        <method signature="HomeLoanApplicationTests.APIHomeLoan()[pri:0, instance:LoanApplications.HomeLoanApplicationTests@a3d8174]" name="APIHomeLoan" class="LoanApplications.HomeLoanApplicationTests"/>
        <method signature="PersonalLoanApplicationTests.personalloanLoginWeb()[pri:0, instance:LoanApplications.PersonalLoanApplicationTests@3972a855]" name="personalloanLoginWeb" class="LoanApplications.PersonalLoanApplicationTests"/>
      </group> <!-- Smoke -->
    </groups>
    <test started-at="2022-09-27T12:53:55 IST" name="SmokeTests" finished-at="2022-09-27T12:53:55 IST" duration-ms="52">
      <class name="LoanApplications.HomeLoanApplicationTests">
        <test-method signature="APIHomeLoan()[pri:0, instance:LoanApplications.HomeLoanApplicationTests@a3d8174]" started-at="2022-09-27T12:53:55 IST" name="APIHomeLoan" finished-at="2022-09-27T12:53:55 IST" duration-ms="1" status="PASS">
          <reporter-output>
          </reporter-output>
        </test-method> <!-- APIHomeLoan -->
      </class> <!-- LoanApplications.HomeLoanApplicationTests -->
      <class name="LoanApplications.PersonalLoanApplicationTests">
        <test-method signature="personalloanLoginWeb()[pri:0, instance:LoanApplications.PersonalLoanApplicationTests@3972a855]" started-at="2022-09-27T12:53:55 IST" name="personalloanLoginWeb" finished-at="2022-09-27T12:53:55 IST" duration-ms="6" status="PASS">
          <reporter-output>
          </reporter-output>
        </test-method> <!-- personalloanLoginWeb -->
      </class> <!-- LoanApplications.PersonalLoanApplicationTests -->
      <class name="LoanApplications.CarLoanApplicationTests">
        <test-method signature="carloanLoginMobile()[pri:0, instance:LoanApplications.CarLoanApplicationTests@272ed83b]" started-at="2022-09-27T12:53:55 IST" name="carloanLoginMobile" finished-at="2022-09-27T12:53:55 IST" duration-ms="2" status="PASS">
          <reporter-output>
          </reporter-output>
        </test-method> <!-- carloanLoginMobile -->
      </class> <!-- LoanApplications.CarLoanApplicationTests -->
    </test> <!-- SmokeTests -->
  </suite> <!-- Suite -->
</testng-results>
