<?xml version="1.0" encoding="UTF-8"?>
<testng-results ignored="1" total="9" passed="8" failed="0" skipped="0">
  <reporter-output>
  </reporter-output>
  <suite started-at="2022-09-28T10:35:35 IST" name="Suite" finished-at="2022-09-28T10:35:36 IST" duration-ms="238">
    <groups>
      <group name="Smoke">
        <method signature="HomeLoanApplicationTests.APIHomeLoan()[pri:0, instance:LoanApplications.HomeLoanApplicationTests@6631f5ca]" name="APIHomeLoan" class="LoanApplications.HomeLoanApplicationTests"/>
      </group> <!-- Smoke -->
    </groups>
    <test started-at="2022-09-28T10:35:35 IST" name="HomeLoanTest" finished-at="2022-09-28T10:35:35 IST" duration-ms="45">
      <class name="LoanApplications.HomeLoanApplicationTests">
        <test-method is-config="true" signature="setupTestData()[pri:0, instance:LoanApplications.HomeLoanApplicationTests@6631f5ca]" started-at="2022-09-28T10:35:35 IST" name="setupTestData" finished-at="2022-09-28T10:35:35 IST" duration-ms="0" status="PASS">
          <reporter-output>
          </reporter-output>
        </test-method> <!-- setupTestData -->
        <test-method is-config="true" signature="dosomething()[pri:0, instance:LoanApplications.HomeLoanApplicationTests@6631f5ca]" started-at="2022-09-28T10:35:35 IST" name="dosomething" finished-at="2022-09-28T10:35:35 IST" duration-ms="0" status="PASS">
          <reporter-output>
          </reporter-output>
        </test-method> <!-- dosomething -->
        <test-method signature="APIHomeLoan()[pri:0, instance:LoanApplications.HomeLoanApplicationTests@6631f5ca]" started-at="2022-09-28T10:35:35 IST" name="APIHomeLoan" finished-at="2022-09-28T10:35:35 IST" duration-ms="5" status="PASS">
          <reporter-output>
          </reporter-output>
        </test-method> <!-- APIHomeLoan -->
        <test-method is-config="true" signature="dosomething()[pri:0, instance:LoanApplications.HomeLoanApplicationTests@6631f5ca]" started-at="2022-09-28T10:35:35 IST" name="dosomething" finished-at="2022-09-28T10:35:35 IST" duration-ms="1" status="PASS">
          <reporter-output>
          </reporter-output>
        </test-method> <!-- dosomething -->
        <test-method signature="MobileHomeLoan()[pri:0, instance:LoanApplications.HomeLoanApplicationTests@6631f5ca]" started-at="2022-09-28T10:35:35 IST" name="MobileHomeLoan" finished-at="2022-09-28T10:35:35 IST" duration-ms="1" status="PASS">
          <reporter-output>
          </reporter-output>
        </test-method> <!-- MobileHomeLoan -->
        <test-method is-config="true" signature="dosomething()[pri:0, instance:LoanApplications.HomeLoanApplicationTests@6631f5ca]" started-at="2022-09-28T10:35:35 IST" name="dosomething" finished-at="2022-09-28T10:35:35 IST" duration-ms="0" status="PASS">
          <reporter-output>
          </reporter-output>
        </test-method> <!-- dosomething -->
        <test-method signature="WebHomeLoan()[pri:0, instance:LoanApplications.HomeLoanApplicationTests@6631f5ca]" started-at="2022-09-28T10:35:35 IST" name="WebHomeLoan" finished-at="2022-09-28T10:35:35 IST" duration-ms="1" status="PASS">
          <reporter-output>
          </reporter-output>
        </test-method> <!-- WebHomeLoan -->
        <test-method is-config="true" signature="cleanupTestData()[pri:0, instance:LoanApplications.HomeLoanApplicationTests@6631f5ca]" started-at="2022-09-28T10:35:35 IST" name="cleanupTestData" finished-at="2022-09-28T10:35:35 IST" duration-ms="0" status="PASS">
          <reporter-output>
          </reporter-output>
        </test-method> <!-- cleanupTestData -->
      </class> <!-- LoanApplications.HomeLoanApplicationTests -->
    </test> <!-- HomeLoanTest -->
    <test started-at="2022-09-28T10:35:36 IST" name="CarLoanTest" finished-at="2022-09-28T10:35:36 IST" duration-ms="11">
      <class name="LoanApplications.CarLoanApplicationTests">
        <test-method signature="carloanLoginWeb()[pri:0, instance:LoanApplications.CarLoanApplicationTests@57d7f8ca]" started-at="2022-09-28T10:35:36 IST" name="carloanLoginWeb" finished-at="2022-09-28T10:35:36 IST" duration-ms="5" status="PASS">
          <reporter-output>
          </reporter-output>
        </test-method> <!-- carloanLoginWeb -->
        <test-method signature="carloanLoginAPI()[pri:0, instance:LoanApplications.CarLoanApplicationTests@57d7f8ca]" started-at="2022-09-28T10:35:36 IST" name="carloanLoginAPI" finished-at="2022-09-28T10:35:36 IST" depends-on-methods="LoanApplications.CarLoanApplicationTests.carloanLoginWeb" duration-ms="1" status="PASS">
          <reporter-output>
          </reporter-output>
        </test-method> <!-- carloanLoginAPI -->
      </class> <!-- LoanApplications.CarLoanApplicationTests -->
    </test> <!-- CarLoanTest -->
    <test started-at="2022-09-28T10:35:36 IST" name="PersonalLoanTest" finished-at="2022-09-28T10:35:36 IST" duration-ms="10">
      <class name="LoanApplications.HomeLoanApplicationTests">
        <test-method is-config="true" signature="startDatabase()[pri:0, instance:LoanApplications.HomeLoanApplicationTests@6631f5ca]" started-at="2022-09-28T10:35:35 IST" name="startDatabase" finished-at="2022-09-28T10:35:35 IST" duration-ms="7" status="PASS">
          <reporter-output>
          </reporter-output>
        </test-method> <!-- startDatabase -->
      </class> <!-- LoanApplications.HomeLoanApplicationTests -->
      <class name="LoanApplications.PersonalLoanApplicationTests">
        <test-method signature="personalloanLoginAPI()[pri:0, instance:LoanApplications.PersonalLoanApplicationTests@4d0f2471]" started-at="2022-09-28T10:35:36 IST" name="personalloanLoginAPI" finished-at="2022-09-28T10:35:36 IST" duration-ms="1" status="PASS">
          <reporter-output>
          </reporter-output>
        </test-method> <!-- personalloanLoginAPI -->
        <test-method signature="personalloanLoginMobile()[pri:0, instance:LoanApplications.PersonalLoanApplicationTests@4d0f2471]" started-at="2022-09-28T10:35:36 IST" name="personalloanLoginMobile" finished-at="2022-09-28T10:35:36 IST" duration-ms="1" status="PASS">
          <reporter-output>
          </reporter-output>
        </test-method> <!-- personalloanLoginMobile -->
        <test-method signature="personalloanLoginWeb(java.lang.String)[pri:0, instance:LoanApplications.PersonalLoanApplicationTests@4d0f2471]" started-at="2022-09-28T10:35:36 IST" name="personalloanLoginWeb" finished-at="2022-09-28T10:35:36 IST" duration-ms="1" status="PASS">
          <params>
            <param index="0">
              <value>
                <![CDATA[xyz.com]]>
              </value>
            </param>
          </params>
          <reporter-output>
          </reporter-output>
        </test-method> <!-- personalloanLoginWeb -->
      </class> <!-- LoanApplications.PersonalLoanApplicationTests -->
    </test> <!-- PersonalLoanTest -->
  </suite> <!-- Suite -->
</testng-results>
