<?xml version="1.0" encoding="UTF-8"?>
<!-- Generated by org.testng.reporters.JUnitXMLReporter -->
<testsuite ignored="1" hostname="DESKTOP-4HN56NV" failures="0" tests="2" name="CarLoanTest" time="0.011" errors="0" timestamp="2022-09-28T10:35:36 IST">
  <testcase classname="LoanApplications.CarLoanApplicationTests" name="carloanLoginWeb" time="0.005"/>
  <testcase classname="LoanApplications.CarLoanApplicationTests" name="carloanLoginAPI" time="0.001"/>
  <testcase classname="LoanApplications.CarLoanApplicationTests" name="carloanLoginMobile" time="0.0">
    <ignored/>
  </testcase> <!-- carloanLoginMobile -->
</testsuite> <!-- CarLoanTest -->
