<?xml version="1.0" encoding="UTF-8"?>
<!-- Generated by org.testng.reporters.JUnitXMLReporter -->
<testsuite ignored="0" hostname="DESKTOP-4HN56NV" failures="0" tests="3" name="CarLoanTest" time="0.01" errors="0" timestamp="2022-09-27T12:13:29 IST">
  <testcase classname="LoanApplications.CarLoanApplicationTests" name="carloanLoginAPI" time="0.001"/>
  <testcase classname="LoanApplications.CarLoanApplicationTests" name="carloanLoginMobile" time="0.002"/>
  <testcase classname="LoanApplications.CarLoanApplicationTests" name="carloanLoginWeb" time="0.002"/>
</testsuite> <!-- CarLoanTest -->
