<?xml version="1.0" encoding="UTF-8"?>
<!-- Generated by org.testng.reporters.JUnitXMLReporter -->
<testsuite ignored="2" hostname="DESKTOP-4HN56NV" failures="0" tests="1" name="CarLoanTests" time="0.003" errors="0" timestamp="2022-09-27T12:24:41 IST">
  <testcase classname="LoanApplications.CarLoanApplicationTests" name="carloanLoginAPI" time="0.001"/>
  <testcase classname="LoanApplications.CarLoanApplicationTests" name="carloanLoginMobile" time="0.0">
    <ignored/>
  </testcase> <!-- carloanLoginMobile -->
  <testcase classname="LoanApplications.CarLoanApplicationTests" name="carloanLoginWeb" time="0.0">
    <ignored/>
  </testcase> <!-- carloanLoginWeb -->
</testsuite> <!-- CarLoanTests -->
