<?xml version="1.0" encoding="UTF-8"?>
<!-- Generated by org.testng.reporters.JUnitXMLReporter -->
<testsuite ignored="1" hostname="DESKTOP-4HN56NV" failures="0" tests="2" name="CarLoanTests" time="0.054" errors="0" timestamp="2022-09-28T09:35:15 IST">
  <testcase classname="LoanApplications.CarLoanApplicationTests" name="carloanLoginWeb" time="0.012"/>
  <testcase classname="LoanApplications.CarLoanApplicationTests" name="carloanLoginAPI" time="0.001"/>
  <testcase classname="LoanApplications.CarLoanApplicationTests" name="carloanLoginMobile" time="0.0">
    <ignored/>
  </testcase> <!-- carloanLoginMobile -->
</testsuite> <!-- CarLoanTests -->
