<?xml version="1.0" encoding="UTF-8"?>
<!-- Generated by org.testng.reporters.JUnitXMLReporter -->
<testsuite ignored="0" hostname="DESKTOP-4HN56NV" failures="0" tests="9" name="HomeLoanTest" time="0.071" errors="0" timestamp="2022-09-27T12:19:20 IST">
  <testcase classname="LoanApplications.CarLoanApplicationTests" name="carloanLoginAPI" time="0.009"/>
  <testcase classname="LoanApplications.CarLoanApplicationTests" name="carloanLoginMobile" time="0.001"/>
  <testcase classname="LoanApplications.CarLoanApplicationTests" name="carloanLoginWeb" time="0.001"/>
  <testcase classname="LoanApplications.HomeLoanApplicationTests" name="homeloanLoginAPI" time="0.0"/>
  <testcase classname="LoanApplications.HomeLoanApplicationTests" name="homeloanLoginMobile" time="0.0"/>
  <testcase classname="LoanApplications.HomeLoanApplicationTests" name="homeloanLoginWeb" time="0.001"/>
  <testcase classname="LoanApplications.PersonalLoanApplicationTests" name="personalloanLoginAPI" time="0.002"/>
  <testcase classname="LoanApplications.PersonalLoanApplicationTests" name="personalloanLoginMobile" time="0.002"/>
  <testcase classname="LoanApplications.PersonalLoanApplicationTests" name="personalloanLoginWeb" time="0.001"/>
</testsuite> <!-- HomeLoanTest -->
