<?xml version="1.0" encoding="UTF-8"?>
<!-- Generated by org.testng.reporters.JUnitXMLReporter -->
<testsuite ignored="0" hostname="DESKTOP-4HN56NV" failures="0" tests="6" name="HomeLoanTests" time="0.065" errors="0" timestamp="2022-09-27T12:50:44 IST">
  <testcase classname="LoanApplications.HomeLoanApplicationTests" name="APIHomeLoan" time="0.007"/>
  <testcase classname="LoanApplications.HomeLoanApplicationTests" name="MobileHomeLoan" time="0.002"/>
  <testcase classname="LoanApplications.HomeLoanApplicationTests" name="WebHomeLoan" time="0.0"/>
  <testcase classname="LoanApplications.CarLoanApplicationTests" name="carloanLoginAPI" time="0.001"/>
  <testcase classname="LoanApplications.CarLoanApplicationTests" name="carloanLoginMobile" time="0.0"/>
  <testcase classname="LoanApplications.CarLoanApplicationTests" name="carloanLoginWeb" time="0.001"/>
</testsuite> <!-- HomeLoanTests -->
