<?xml version="1.0" encoding="UTF-8"?>
<!-- Generated by org.testng.reporters.JUnitXMLReporter -->
<testsuite ignored="0" hostname="DESKTOP-4HN56NV" failures="0" tests="3" name="HomeLoanTest" time="0.045" errors="0" timestamp="2022-09-28T10:35:36 IST">
  <testcase classname="LoanApplications.HomeLoanApplicationTests" name="APIHomeLoan" time="0.005"/>
  <testcase classname="LoanApplications.HomeLoanApplicationTests" name="MobileHomeLoan" time="0.001"/>
  <testcase classname="LoanApplications.HomeLoanApplicationTests" name="WebHomeLoan" time="0.001"/>
</testsuite> <!-- HomeLoanTest -->
