<?xml version="1.0" encoding="UTF-8"?>
<!-- Generated by org.testng.reporters.JUnitXMLReporter -->
<testsuite ignored="0" hostname="DESKTOP-4HN56NV" failures="0" tests="3" name="ParamTests" time="0.053" errors="0" timestamp="2022-09-28T10:05:56 IST">
  <testcase classname="testpkg.ParamTest" name="ApplyforLoan" time="0.007"/>
  <testcase classname="testpkg.ParamTest" name="ApplyforLoan" time="0.001"/>
  <testcase classname="testpkg.ParamTest" name="ApplyforLoan" time="0.001"/>
</testsuite> <!-- ParamTests -->
