<?xml version="1.0" encoding="UTF-8"?>
<!-- Generated by org.testng.reporters.JUnitXMLReporter -->
<testsuite ignored="2" hostname="DESKTOP-4HN56NV" failures="0" tests="1" name="PersonalLoanTests" time="0.003" errors="0" timestamp="2022-09-27T12:24:41 IST">
  <testcase classname="LoanApplications.PersonalLoanApplicationTests" name="personalloanLoginAPI" time="0.001"/>
  <testcase classname="LoanApplications.PersonalLoanApplicationTests" name="personalloanLoginWeb" time="0.0">
    <ignored/>
  </testcase> <!-- personalloanLoginWeb -->
  <testcase classname="LoanApplications.PersonalLoanApplicationTests" name="personalloanLoginMobile" time="0.0">
    <ignored/>
  </testcase> <!-- personalloanLoginMobile -->
</testsuite> <!-- PersonalLoanTests -->
