<?xml version="1.0" encoding="UTF-8"?>
<!-- Generated by org.testng.reporters.JUnitXMLReporter -->
<testsuite ignored="6" hostname="DESKTOP-4HN56NV" failures="0" tests="3" name="SmokeTests" time="0.052" errors="0" timestamp="2022-09-27T12:53:55 IST">
  <testcase classname="LoanApplications.PersonalLoanApplicationTests" name="personalloanLoginWeb" time="0.006"/>
  <testcase classname="LoanApplications.HomeLoanApplicationTests" name="APIHomeLoan" time="0.001"/>
  <testcase classname="LoanApplications.CarLoanApplicationTests" name="carloanLoginMobile" time="0.002"/>
  <testcase classname="LoanApplications.PersonalLoanApplicationTests" name="personalloanLoginAPI" time="0.0">
    <ignored/>
  </testcase> <!-- personalloanLoginAPI -->
  <testcase classname="LoanApplications.CarLoanApplicationTests" name="carloanLoginAPI" time="0.0">
    <ignored/>
  </testcase> <!-- carloanLoginAPI -->
  <testcase classname="LoanApplications.HomeLoanApplicationTests" name="WebHomeLoan" time="0.0">
    <ignored/>
  </testcase> <!-- WebHomeLoan -->
  <testcase classname="LoanApplications.PersonalLoanApplicationTests" name="personalloanLoginMobile" time="0.0">
    <ignored/>
  </testcase> <!-- personalloanLoginMobile -->
  <testcase classname="LoanApplications.HomeLoanApplicationTests" name="MobileHomeLoan" time="0.0">
    <ignored/>
  </testcase> <!-- MobileHomeLoan -->
  <testcase classname="LoanApplications.CarLoanApplicationTests" name="carloanLoginWeb" time="0.0">
    <ignored/>
  </testcase> <!-- carloanLoginWeb -->
</testsuite> <!-- SmokeTests -->
