<?xml version="1.0" encoding="UTF-8"?>
<!-- Generated by org.testng.reporters.JUnitXMLReporter -->
<testsuite ignored="0" hostname="DESKTOP-4HN56NV" failures="0" tests="11" name="Test" time="0.072" errors="0" timestamp="2022-09-27T11:58:23 IST">
  <testcase classname="testpkg.sample1" name="demo" time="0.007"/>
  <testcase classname="testpkg.sample2" name="demo2" time="0.001"/>
  <testcase classname="LoanApplications.CarLoanApplicationTests" name="carloanLoginAPI" time="0.001"/>
  <testcase classname="LoanApplications.CarLoanApplicationTests" name="carloanLoginMobile" time="0.001"/>
  <testcase classname="LoanApplications.CarLoanApplicationTests" name="carloanLoginWeb" time="0.001"/>
  <testcase classname="LoanApplications.HomeLoanApplicationTests" name="homeloanLoginAPI" time="0.001"/>
  <testcase classname="LoanApplications.HomeLoanApplicationTests" name="homeloanLoginMobile" time="0.0"/>
  <testcase classname="LoanApplications.HomeLoanApplicationTests" name="homeloanLoginWeb" time="0.001"/>
  <testcase classname="LoanApplications.PersonalLoanApplicationTests" name="personalloanLoginAPI" time="0.001"/>
  <testcase classname="LoanApplications.PersonalLoanApplicationTests" name="personalloanLoginMobile" time="0.001"/>
  <testcase classname="LoanApplications.PersonalLoanApplicationTests" name="personalloanLoginWeb" time="0.001"/>
</testsuite> <!-- Test -->
