<?xml version="1.0" encoding="UTF-8"?>
<!-- Generated by org.testng.reporters.JUnitXMLReporter -->
<testsuite ignored="0" hostname="DESKTOP-4HN56NV" failures="0" tests="3" name="Default test" time="0.057" errors="0" timestamp="2022-09-28T09:33:41 IST">
  <testcase classname="LoanApplications.CarLoanApplicationTests" name="carloanLoginWeb" time="0.008"/>
  <testcase classname="LoanApplications.CarLoanApplicationTests" name="carloanLoginMobile" time="0.001"/>
  <testcase classname="LoanApplications.CarLoanApplicationTests" name="carloanLoginAPI" time="0.001"/>
</testsuite> <!-- Default test -->
